[2022-07-24 15:41:41,808] INFO Starting the log cleaner (kafka.log.LogCleaner)
[2022-07-24 15:41:41,894] INFO [kafka-log-cleaner-thread-0]: Starting (kafka.log.LogCleaner)
[2022-07-24 15:45:47,423] INFO Shutting down the log cleaner. (kafka.log.LogCleaner)
[2022-07-24 15:45:47,423] INFO [kafka-log-cleaner-thread-0]: Shutting down (kafka.log.LogCleaner)
[2022-07-24 15:45:47,424] INFO [kafka-log-cleaner-thread-0]: Stopped (kafka.log.LogCleaner)
[2022-07-24 15:45:47,424] INFO [kafka-log-cleaner-thread-0]: Shutdown completed (kafka.log.LogCleaner)
[2022-07-24 15:47:58,365] INFO Starting the log cleaner (kafka.log.LogCleaner)
[2022-07-24 15:47:58,485] INFO [kafka-log-cleaner-thread-0]: Starting (kafka.log.LogCleaner)
[2022-07-25 15:52:43,593] INFO Starting the log cleaner (kafka.log.LogCleaner)
[2022-07-25 15:52:43,683] INFO [kafka-log-cleaner-thread-0]: Starting (kafka.log.LogCleaner)
[2022-07-25 15:59:30,023] INFO Shutting down the log cleaner. (kafka.log.LogCleaner)
[2022-07-25 15:59:30,024] INFO [kafka-log-cleaner-thread-0]: Shutting down (kafka.log.LogCleaner)
[2022-07-25 15:59:30,024] INFO [kafka-log-cleaner-thread-0]: Stopped (kafka.log.LogCleaner)
[2022-07-25 15:59:30,024] INFO [kafka-log-cleaner-thread-0]: Shutdown completed (kafka.log.LogCleaner)
[2022-07-25 15:59:35,816] INFO Starting the log cleaner (kafka.log.LogCleaner)
[2022-07-25 15:59:35,906] INFO [kafka-log-cleaner-thread-0]: Starting (kafka.log.LogCleaner)
[2022-07-25 16:45:47,578] INFO Shutting down the log cleaner. (kafka.log.LogCleaner)
[2022-07-25 16:45:47,580] INFO [kafka-log-cleaner-thread-0]: Shutting down (kafka.log.LogCleaner)
[2022-07-25 16:45:47,581] INFO [kafka-log-cleaner-thread-0]: Stopped (kafka.log.LogCleaner)
[2022-07-25 16:45:47,581] INFO [kafka-log-cleaner-thread-0]: Shutdown completed (kafka.log.LogCleaner)
[2022-08-27 18:31:02,304] INFO Starting the log cleaner (kafka.log.LogCleaner)
[2022-08-27 18:31:02,404] INFO [kafka-log-cleaner-thread-0]: Starting (kafka.log.LogCleaner)
[2022-08-27 18:48:31,851] INFO Shutting down the log cleaner. (kafka.log.LogCleaner)
[2022-08-27 18:48:31,851] INFO [kafka-log-cleaner-thread-0]: Shutting down (kafka.log.LogCleaner)
[2022-08-27 18:48:31,851] INFO [kafka-log-cleaner-thread-0]: Stopped (kafka.log.LogCleaner)
[2022-08-27 18:48:31,851] INFO [kafka-log-cleaner-thread-0]: Shutdown completed (kafka.log.LogCleaner)
[2022-08-27 18:48:38,591] INFO Starting the log cleaner (kafka.log.LogCleaner)
[2022-08-27 18:48:38,651] INFO [kafka-log-cleaner-thread-0]: Starting (kafka.log.LogCleaner)
[2022-08-28 00:22:37,790] INFO Shutting down the log cleaner. (kafka.log.LogCleaner)
[2022-08-28 00:22:37,791] INFO [kafka-log-cleaner-thread-0]: Shutting down (kafka.log.LogCleaner)
[2022-08-28 00:22:37,791] INFO [kafka-log-cleaner-thread-0]: Stopped (kafka.log.LogCleaner)
[2022-08-28 00:22:37,791] INFO [kafka-log-cleaner-thread-0]: Shutdown completed (kafka.log.LogCleaner)
[2022-08-28 00:22:49,982] INFO Starting the log cleaner (kafka.log.LogCleaner)
[2022-08-28 00:22:50,036] INFO [kafka-log-cleaner-thread-0]: Starting (kafka.log.LogCleaner)
[2022-09-03 23:23:50,081] INFO Starting the log cleaner (kafka.log.LogCleaner)
[2022-09-03 23:23:50,151] INFO [kafka-log-cleaner-thread-0]: Starting (kafka.log.LogCleaner)
[2022-09-03 23:29:00,879] INFO Starting the log cleaner (kafka.log.LogCleaner)
[2022-09-03 23:29:00,935] INFO [kafka-log-cleaner-thread-0]: Starting (kafka.log.LogCleaner)
[2022-09-04 00:01:41,880] INFO Shutting down the log cleaner. (kafka.log.LogCleaner)
[2022-09-04 00:01:41,882] INFO [kafka-log-cleaner-thread-0]: Shutting down (kafka.log.LogCleaner)
[2022-09-04 00:01:41,882] INFO [kafka-log-cleaner-thread-0]: Stopped (kafka.log.LogCleaner)
[2022-09-04 00:01:41,882] INFO [kafka-log-cleaner-thread-0]: Shutdown completed (kafka.log.LogCleaner)
[2022-09-04 13:12:40,524] INFO Starting the log cleaner (kafka.log.LogCleaner)
[2022-09-04 13:12:40,613] INFO [kafka-log-cleaner-thread-0]: Starting (kafka.log.LogCleaner)
[2022-09-04 13:13:52,696] INFO Starting the log cleaner (kafka.log.LogCleaner)
[2022-09-04 13:13:52,775] INFO [kafka-log-cleaner-thread-0]: Starting (kafka.log.LogCleaner)
